01-Jul-2018 12:04:51.015 信息 [main] org.apache.catalina.startup.VersionLoggerListener.log Server version:        Apache Tomcat/8.0.51
01-Jul-2018 12:04:51.015 信息 [main] org.apache.catalina.startup.VersionLoggerListener.log Server built:          Apr 9 2018 21:20:15 UTC
01-Jul-2018 12:04:51.015 信息 [main] org.apache.catalina.startup.VersionLoggerListener.log Server number:         8.0.51.0
01-Jul-2018 12:04:51.015 信息 [main] org.apache.catalina.startup.VersionLoggerListener.log OS Name:               Windows 7
01-Jul-2018 12:04:51.031 信息 [main] org.apache.catalina.startup.VersionLoggerListener.log OS Version:            6.1
01-Jul-2018 12:04:51.031 信息 [main] org.apache.catalina.startup.VersionLoggerListener.log Architecture:          amd64
01-Jul-2018 12:04:51.031 信息 [main] org.apache.catalina.startup.VersionLoggerListener.log Java Home:             C:\Software\windows\java\jdk\jdk1.8\jdk\jdk1.8.0_171\jre
01-Jul-2018 12:04:51.031 信息 [main] org.apache.catalina.startup.VersionLoggerListener.log JVM Version:           1.8.0_171-b11
01-Jul-2018 12:04:51.031 信息 [main] org.apache.catalina.startup.VersionLoggerListener.log JVM Vendor:            Oracle Corporation
01-Jul-2018 12:04:51.031 信息 [main] org.apache.catalina.startup.VersionLoggerListener.log CATALINA_BASE:         C:\Software\windows\java\tomcat\apache-tomcat-8.0.51\apache-tomcat-8.0.51
01-Jul-2018 12:04:51.031 信息 [main] org.apache.catalina.startup.VersionLoggerListener.log CATALINA_HOME:         C:\Software\windows\java\tomcat\apache-tomcat-8.0.51\apache-tomcat-8.0.51
01-Jul-2018 12:04:51.031 信息 [main] org.apache.catalina.startup.VersionLoggerListener.log Command line argument: -Djava.util.logging.config.file=C:\Software\windows\java\tomcat\apache-tomcat-8.0.51\apache-tomcat-8.0.51\conf\logging.properties
01-Jul-2018 12:04:51.031 信息 [main] org.apache.catalina.startup.VersionLoggerListener.log Command line argument: -Djava.util.logging.manager=org.apache.juli.ClassLoaderLogManager
01-Jul-2018 12:04:51.031 信息 [main] org.apache.catalina.startup.VersionLoggerListener.log Command line argument: -Djdk.tls.ephemeralDHKeySize=2048
01-Jul-2018 12:04:51.031 信息 [main] org.apache.catalina.startup.VersionLoggerListener.log Command line argument: -Djava.protocol.handler.pkgs=org.apache.catalina.webresources
01-Jul-2018 12:04:51.031 信息 [main] org.apache.catalina.startup.VersionLoggerListener.log Command line argument: -Dignore.endorsed.dirs=
01-Jul-2018 12:04:51.031 信息 [main] org.apache.catalina.startup.VersionLoggerListener.log Command line argument: -Dcatalina.base=C:\Software\windows\java\tomcat\apache-tomcat-8.0.51\apache-tomcat-8.0.51
01-Jul-2018 12:04:51.031 信息 [main] org.apache.catalina.startup.VersionLoggerListener.log Command line argument: -Dcatalina.home=C:\Software\windows\java\tomcat\apache-tomcat-8.0.51\apache-tomcat-8.0.51
01-Jul-2018 12:04:51.031 信息 [main] org.apache.catalina.startup.VersionLoggerListener.log Command line argument: -Djava.io.tmpdir=C:\Software\windows\java\tomcat\apache-tomcat-8.0.51\apache-tomcat-8.0.51\temp
01-Jul-2018 12:04:51.031 信息 [main] org.apache.catalina.core.AprLifecycleListener.lifecycleEvent The APR based Apache Tomcat Native library which allows optimal performance in production environments was not found on the java.library.path: C:\Software\windows\java\jdk\jdk1.8\jdk\jdk1.8.0_171\bin;C:\Windows\Sun\Java\bin;C:\Windows\system32;C:\Windows;C:\Program Files (x86)\Common Files\Oracle\Java\javapath;C:\Windows\system32;C:\Windows;C:\Windows\System32\Wbem;C:\Windows\System32\WindowsPowerShell\v1.0\;C:\Software\windows\java\svn\bin;C:\Software\windows\java\jdk\jdk1.8\jdk\jdk1.8.0_171\bin;;.
01-Jul-2018 12:04:51.296 信息 [main] org.apache.coyote.AbstractProtocol.init Initializing ProtocolHandler ["http-nio-8080"]
01-Jul-2018 12:04:51.546 信息 [main] org.apache.tomcat.util.net.NioSelectorPool.getSharedSelector Using a shared selector for servlet write/read
01-Jul-2018 12:04:51.546 信息 [main] org.apache.coyote.AbstractProtocol.init Initializing ProtocolHandler ["ajp-nio-8009"]
01-Jul-2018 12:04:51.561 信息 [main] org.apache.tomcat.util.net.NioSelectorPool.getSharedSelector Using a shared selector for servlet write/read
01-Jul-2018 12:04:51.561 信息 [main] org.apache.catalina.startup.Catalina.load Initialization processed in 1155 ms
01-Jul-2018 12:04:51.608 信息 [main] org.apache.catalina.core.StandardService.startInternal Starting service Catalina
01-Jul-2018 12:04:51.608 信息 [main] org.apache.catalina.core.StandardEngine.startInternal Starting Servlet Engine: Apache Tomcat/8.0.51
01-Jul-2018 12:04:51.639 信息 [localhost-startStop-1] org.apache.catalina.startup.HostConfig.deployDirectory Deploying web application directory C:\Software\windows\java\tomcat\apache-tomcat-8.0.51\apache-tomcat-8.0.51\webapps\docs
01-Jul-2018 12:04:52.076 信息 [localhost-startStop-1] org.apache.catalina.startup.HostConfig.deployDirectory Deployment of web application directory C:\Software\windows\java\tomcat\apache-tomcat-8.0.51\apache-tomcat-8.0.51\webapps\docs has finished in 437 ms
01-Jul-2018 12:04:52.076 信息 [localhost-startStop-1] org.apache.catalina.startup.HostConfig.deployDirectory Deploying web application directory C:\Software\windows\java\tomcat\apache-tomcat-8.0.51\apache-tomcat-8.0.51\webapps\examples
01-Jul-2018 12:04:52.591 信息 [localhost-startStop-1] org.apache.catalina.startup.HostConfig.deployDirectory Deployment of web application directory C:\Software\windows\java\tomcat\apache-tomcat-8.0.51\apache-tomcat-8.0.51\webapps\examples has finished in 515 ms
01-Jul-2018 12:04:52.607 信息 [localhost-startStop-1] org.apache.catalina.startup.HostConfig.deployDirectory Deploying web application directory C:\Software\windows\java\tomcat\apache-tomcat-8.0.51\apache-tomcat-8.0.51\webapps\host-manager
01-Jul-2018 12:04:52.653 信息 [localhost-startStop-1] org.apache.catalina.startup.HostConfig.deployDirectory Deployment of web application directory C:\Software\windows\java\tomcat\apache-tomcat-8.0.51\apache-tomcat-8.0.51\webapps\host-manager has finished in 46 ms
01-Jul-2018 12:04:52.653 信息 [localhost-startStop-1] org.apache.catalina.startup.HostConfig.deployDirectory Deploying web application directory C:\Software\windows\java\tomcat\apache-tomcat-8.0.51\apache-tomcat-8.0.51\webapps\manager
01-Jul-2018 12:04:52.700 信息 [localhost-startStop-1] org.apache.catalina.startup.HostConfig.deployDirectory Deployment of web application directory C:\Software\windows\java\tomcat\apache-tomcat-8.0.51\apache-tomcat-8.0.51\webapps\manager has finished in 47 ms
01-Jul-2018 12:04:52.700 信息 [localhost-startStop-1] org.apache.catalina.startup.HostConfig.deployDirectory Deploying web application directory C:\Software\windows\java\tomcat\apache-tomcat-8.0.51\apache-tomcat-8.0.51\webapps\ROOT
01-Jul-2018 12:04:52.731 信息 [localhost-startStop-1] org.apache.catalina.startup.HostConfig.deployDirectory Deployment of web application directory C:\Software\windows\java\tomcat\apache-tomcat-8.0.51\apache-tomcat-8.0.51\webapps\ROOT has finished in 31 ms
01-Jul-2018 12:04:52.747 信息 [main] org.apache.coyote.AbstractProtocol.start Starting ProtocolHandler ["http-nio-8080"]
01-Jul-2018 12:04:52.763 信息 [main] org.apache.coyote.AbstractProtocol.start Starting ProtocolHandler ["ajp-nio-8009"]
01-Jul-2018 12:04:52.763 信息 [main] org.apache.catalina.startup.Catalina.start Server startup in 1206 ms
